running develop
running egg_info
creating bot_description.egg-info
writing bot_description.egg-info/PKG-INFO
writing dependency_links to bot_description.egg-info/dependency_links.txt
writing entry points to bot_description.egg-info/entry_points.txt
writing requirements to bot_description.egg-info/requires.txt
writing top-level names to bot_description.egg-info/top_level.txt
writing manifest file 'bot_description.egg-info/SOURCES.txt'
reading manifest file 'bot_description.egg-info/SOURCES.txt'
writing manifest file 'bot_description.egg-info/SOURCES.txt'
running build_ext
Creating /home/edwin/ros2_ws/src/install/bot_description/lib/python3.10/site-packages/bot-description.egg-link (link to .)

Installed /home/edwin/ros2_ws/src/build/bot_description
running symlink_data
creating /home/edwin/ros2_ws/src/install/bot_description/share/ament_index
creating /home/edwin/ros2_ws/src/install/bot_description/share/ament_index/resource_index
creating /home/edwin/ros2_ws/src/install/bot_description/share/ament_index/resource_index/packages
symbolically linking /home/edwin/ros2_ws/src/build/bot_description/resource/bot_description -> /home/edwin/ros2_ws/src/install/bot_description/share/ament_index/resource_index/packages
symbolically linking /home/edwin/ros2_ws/src/build/bot_description/package.xml -> /home/edwin/ros2_ws/src/install/bot_description/share/bot_description
creating /home/edwin/ros2_ws/src/install/bot_description/share/bot_description/launch
symbolically linking /home/edwin/ros2_ws/src/build/bot_description/launch/gazebo.launch.py -> /home/edwin/ros2_ws/src/install/bot_description/share/bot_description/launch
symbolically linking /home/edwin/ros2_ws/src/build/bot_description/launch/display.launch.py -> /home/edwin/ros2_ws/src/install/bot_description/share/bot_description/launch
symbolically linking /home/edwin/ros2_ws/src/build/bot_description/launch/bot.launch.py -> /home/edwin/ros2_ws/src/install/bot_description/share/bot_description/launch
creating /home/edwin/ros2_ws/src/install/bot_description/share/bot_description/urdf
symbolically linking /home/edwin/ros2_ws/src/build/bot_description/urdf/bot.trans -> /home/edwin/ros2_ws/src/install/bot_description/share/bot_description/urdf
symbolically linking /home/edwin/ros2_ws/src/build/bot_description/urdf/materials.xacro -> /home/edwin/ros2_ws/src/install/bot_description/share/bot_description/urdf
symbolically linking /home/edwin/ros2_ws/src/build/bot_description/urdf/bot.xacro -> /home/edwin/ros2_ws/src/install/bot_description/share/bot_description/urdf
symbolically linking /home/edwin/ros2_ws/src/build/bot_description/urdf/bot.gazebo -> /home/edwin/ros2_ws/src/install/bot_description/share/bot_description/urdf
creating /home/edwin/ros2_ws/src/install/bot_description/share/bot_description/meshes
symbolically linking /home/edwin/ros2_ws/src/build/bot_description/meshes/left_wheel_1.stl -> /home/edwin/ros2_ws/src/install/bot_description/share/bot_description/meshes
symbolically linking /home/edwin/ros2_ws/src/build/bot_description/meshes/base_link.stl -> /home/edwin/ros2_ws/src/install/bot_description/share/bot_description/meshes
symbolically linking /home/edwin/ros2_ws/src/build/bot_description/meshes/lidar_1.stl -> /home/edwin/ros2_ws/src/install/bot_description/share/bot_description/meshes
symbolically linking /home/edwin/ros2_ws/src/build/bot_description/meshes/right_wheel_1.stl -> /home/edwin/ros2_ws/src/install/bot_description/share/bot_description/meshes
creating /home/edwin/ros2_ws/src/install/bot_description/share/bot_description/config
symbolically linking /home/edwin/ros2_ws/src/build/bot_description/config/gazebo.rviz -> /home/edwin/ros2_ws/src/install/bot_description/share/bot_description/config
symbolically linking /home/edwin/ros2_ws/src/build/bot_description/config/display.rviz -> /home/edwin/ros2_ws/src/install/bot_description/share/bot_description/config
symbolically linking /home/edwin/ros2_ws/src/build/bot_description/config/ros_gz_bridge_gazebo.yaml -> /home/edwin/ros2_ws/src/install/bot_description/share/bot_description/config
creating /home/edwin/ros2_ws/src/install/bot_description/share/bot_description/world
symbolically linking /home/edwin/ros2_ws/src/build/bot_description/world/bott.world -> /home/edwin/ros2_ws/src/install/bot_description/share/bot_description/world
symbolically linking /home/edwin/ros2_ws/src/build/bot_description/world/bot.world -> /home/edwin/ros2_ws/src/install/bot_description/share/bot_description/world
