[0.948s] Invoking command in '/home/edwin/ros2_ws/src/build/bot_description': PYTHONPATH=/home/edwin/ros2_ws/src/build/bot_description/prefix_override:/usr/lib/python3/dist-packages/colcon_core/task/python/colcon_distutils_commands:/home/edwin/ros2_ws/src/install/bot_description/lib/python3.10/site-packages:${PYTHONPATH} /usr/bin/python3 -W ignore:setup.py install is deprecated -W ignore:easy_install command is deprecated setup.py develop --editable --build-directory /home/edwin/ros2_ws/src/build/bot_description/build --no-deps symlink_data
[1.172s] running develop
[1.325s] running egg_info
[1.325s] creating bot_description.egg-info
[1.325s] writing bot_description.egg-info/PKG-INFO
[1.325s] writing dependency_links to bot_description.egg-info/dependency_links.txt
[1.325s] writing entry points to bot_description.egg-info/entry_points.txt
[1.325s] writing requirements to bot_description.egg-info/requires.txt
[1.326s] writing top-level names to bot_description.egg-info/top_level.txt
[1.326s] writing manifest file 'bot_description.egg-info/SOURCES.txt'
[1.328s] reading manifest file 'bot_description.egg-info/SOURCES.txt'
[1.328s] writing manifest file 'bot_description.egg-info/SOURCES.txt'
[1.365s] running build_ext
[1.365s] Creating /home/edwin/ros2_ws/src/install/bot_description/lib/python3.10/site-packages/bot-description.egg-link (link to .)
[1.366s] 
[1.366s] Installed /home/edwin/ros2_ws/src/build/bot_description
[1.366s] running symlink_data
[1.366s] creating /home/edwin/ros2_ws/src/install/bot_description/share/ament_index
[1.366s] creating /home/edwin/ros2_ws/src/install/bot_description/share/ament_index/resource_index
[1.366s] creating /home/edwin/ros2_ws/src/install/bot_description/share/ament_index/resource_index/packages
[1.366s] symbolically linking /home/edwin/ros2_ws/src/build/bot_description/resource/bot_description -> /home/edwin/ros2_ws/src/install/bot_description/share/ament_index/resource_index/packages
[1.366s] symbolically linking /home/edwin/ros2_ws/src/build/bot_description/package.xml -> /home/edwin/ros2_ws/src/install/bot_description/share/bot_description
[1.366s] creating /home/edwin/ros2_ws/src/install/bot_description/share/bot_description/launch
[1.366s] symbolically linking /home/edwin/ros2_ws/src/build/bot_description/launch/gazebo.launch.py -> /home/edwin/ros2_ws/src/install/bot_description/share/bot_description/launch
[1.366s] symbolically linking /home/edwin/ros2_ws/src/build/bot_description/launch/display.launch.py -> /home/edwin/ros2_ws/src/install/bot_description/share/bot_description/launch
[1.366s] symbolically linking /home/edwin/ros2_ws/src/build/bot_description/launch/bot.launch.py -> /home/edwin/ros2_ws/src/install/bot_description/share/bot_description/launch
[1.366s] creating /home/edwin/ros2_ws/src/install/bot_description/share/bot_description/urdf
[1.367s] symbolically linking /home/edwin/ros2_ws/src/build/bot_description/urdf/bot.trans -> /home/edwin/ros2_ws/src/install/bot_description/share/bot_description/urdf
[1.367s] symbolically linking /home/edwin/ros2_ws/src/build/bot_description/urdf/materials.xacro -> /home/edwin/ros2_ws/src/install/bot_description/share/bot_description/urdf
[1.367s] symbolically linking /home/edwin/ros2_ws/src/build/bot_description/urdf/bot.xacro -> /home/edwin/ros2_ws/src/install/bot_description/share/bot_description/urdf
[1.367s] symbolically linking /home/edwin/ros2_ws/src/build/bot_description/urdf/bot.gazebo -> /home/edwin/ros2_ws/src/install/bot_description/share/bot_description/urdf
[1.367s] creating /home/edwin/ros2_ws/src/install/bot_description/share/bot_description/meshes
[1.367s] symbolically linking /home/edwin/ros2_ws/src/build/bot_description/meshes/left_wheel_1.stl -> /home/edwin/ros2_ws/src/install/bot_description/share/bot_description/meshes
[1.367s] symbolically linking /home/edwin/ros2_ws/src/build/bot_description/meshes/base_link.stl -> /home/edwin/ros2_ws/src/install/bot_description/share/bot_description/meshes
[1.367s] symbolically linking /home/edwin/ros2_ws/src/build/bot_description/meshes/lidar_1.stl -> /home/edwin/ros2_ws/src/install/bot_description/share/bot_description/meshes
[1.367s] symbolically linking /home/edwin/ros2_ws/src/build/bot_description/meshes/right_wheel_1.stl -> /home/edwin/ros2_ws/src/install/bot_description/share/bot_description/meshes
[1.367s] creating /home/edwin/ros2_ws/src/install/bot_description/share/bot_description/config
[1.367s] symbolically linking /home/edwin/ros2_ws/src/build/bot_description/config/gazebo.rviz -> /home/edwin/ros2_ws/src/install/bot_description/share/bot_description/config
[1.368s] symbolically linking /home/edwin/ros2_ws/src/build/bot_description/config/display.rviz -> /home/edwin/ros2_ws/src/install/bot_description/share/bot_description/config
[1.368s] symbolically linking /home/edwin/ros2_ws/src/build/bot_description/config/ros_gz_bridge_gazebo.yaml -> /home/edwin/ros2_ws/src/install/bot_description/share/bot_description/config
[1.368s] creating /home/edwin/ros2_ws/src/install/bot_description/share/bot_description/world
[1.368s] symbolically linking /home/edwin/ros2_ws/src/build/bot_description/world/bott.world -> /home/edwin/ros2_ws/src/install/bot_description/share/bot_description/world
[1.368s] symbolically linking /home/edwin/ros2_ws/src/build/bot_description/world/bot.world -> /home/edwin/ros2_ws/src/install/bot_description/share/bot_description/world
[1.416s] Invoked command in '/home/edwin/ros2_ws/src/build/bot_description' returned '0': PYTHONPATH=/home/edwin/ros2_ws/src/build/bot_description/prefix_override:/usr/lib/python3/dist-packages/colcon_core/task/python/colcon_distutils_commands:/home/edwin/ros2_ws/src/install/bot_description/lib/python3.10/site-packages:${PYTHONPATH} /usr/bin/python3 -W ignore:setup.py install is deprecated -W ignore:easy_install command is deprecated setup.py develop --editable --build-directory /home/edwin/ros2_ws/src/build/bot_description/build --no-deps symlink_data
