[0.085s] DEBUG:colcon:Command line arguments: ['/usr/bin/colcon', 'build', '--symlink-install']
[0.086s] DEBUG:colcon:Parsed command line arguments: Namespace(log_base=None, log_level=None, verb_name='build', build_base='build', install_base='install', merge_install=False, symlink_install=True, test_result_base=None, continue_on_error=False, executor='parallel', parallel_workers=16, event_handlers=None, ignore_user_meta=False, metas=['./colcon.meta'], base_paths=['.'], packages_ignore=None, packages_ignore_regex=None, paths=None, packages_up_to=None, packages_up_to_regex=None, packages_above=None, packages_above_and_dependencies=None, packages_above_depth=None, packages_select_by_dep=None, packages_skip_by_dep=None, packages_skip_up_to=None, packages_select_build_failed=False, packages_skip_build_finished=False, packages_select_test_failures=False, packages_skip_test_passed=False, packages_select=None, packages_skip=None, packages_select_regex=None, packages_skip_regex=None, packages_start=None, packages_end=None, allow_overriding=[], cmake_args=None, cmake_target=None, cmake_target_skip_unavailable=False, cmake_clean_cache=False, cmake_clean_first=False, cmake_force_configure=False, ament_cmake_args=None, catkin_cmake_args=None, catkin_skip_building_tests=False, verb_parser=<colcon_defaults.argument_parser.defaults.DefaultArgumentsDecorator object at 0x73d1dc83f6d0>, verb_extension=<colcon_core.verb.build.BuildVerb object at 0x73d1dc83ed40>, main=<bound method BuildVerb.main of <colcon_core.verb.build.BuildVerb object at 0x73d1dc83ed40>>)
[0.228s] Level 1:colcon.colcon_core.package_discovery:discover_packages(colcon_meta) check parameters
[0.228s] Level 1:colcon.colcon_core.package_discovery:discover_packages(recursive) check parameters
[0.228s] Level 1:colcon.colcon_core.package_discovery:discover_packages(ignore) check parameters
[0.228s] Level 1:colcon.colcon_core.package_discovery:discover_packages(path) check parameters
[0.228s] Level 1:colcon.colcon_core.package_discovery:discover_packages(colcon_meta) discover
[0.228s] Level 1:colcon.colcon_core.package_discovery:discover_packages(recursive) discover
[0.228s] INFO:colcon.colcon_core.package_discovery:Crawling recursively for packages in '/home/edwin/ros2_ws/src'
[0.228s] Level 1:colcon.colcon_core.package_identification:_identify(.) by extensions ['ignore', 'ignore_ament_install']
[0.229s] Level 1:colcon.colcon_core.package_identification:_identify(.) by extension 'ignore'
[0.229s] Level 1:colcon.colcon_core.package_identification:_identify(.) by extension 'ignore_ament_install'
[0.229s] Level 1:colcon.colcon_core.package_identification:_identify(.) by extensions ['colcon_pkg']
[0.229s] Level 1:colcon.colcon_core.package_identification:_identify(.) by extension 'colcon_pkg'
[0.229s] Level 1:colcon.colcon_core.package_identification:_identify(.) by extensions ['colcon_meta']
[0.229s] Level 1:colcon.colcon_core.package_identification:_identify(.) by extension 'colcon_meta'
[0.229s] Level 1:colcon.colcon_core.package_identification:_identify(.) by extensions ['ros']
[0.229s] Level 1:colcon.colcon_core.package_identification:_identify(.) by extension 'ros'
[0.237s] Level 1:colcon.colcon_core.package_identification:_identify(.) by extensions ['cmake', 'python']
[0.237s] Level 1:colcon.colcon_core.package_identification:_identify(.) by extension 'cmake'
[0.237s] Level 1:colcon.colcon_core.package_identification:_identify(.) by extension 'python'
[0.237s] Level 1:colcon.colcon_core.package_identification:_identify(.) by extensions ['python_setup_py']
[0.237s] Level 1:colcon.colcon_core.package_identification:_identify(.) by extension 'python_setup_py'
[0.237s] Level 1:colcon.colcon_core.package_identification:_identify(bot_bringup) by extensions ['ignore', 'ignore_ament_install']
[0.237s] Level 1:colcon.colcon_core.package_identification:_identify(bot_bringup) by extension 'ignore'
[0.237s] Level 1:colcon.colcon_core.package_identification:_identify(bot_bringup) by extension 'ignore_ament_install'
[0.237s] Level 1:colcon.colcon_core.package_identification:_identify(bot_bringup) by extensions ['colcon_pkg']
[0.237s] Level 1:colcon.colcon_core.package_identification:_identify(bot_bringup) by extension 'colcon_pkg'
[0.237s] Level 1:colcon.colcon_core.package_identification:_identify(bot_bringup) by extensions ['colcon_meta']
[0.237s] Level 1:colcon.colcon_core.package_identification:_identify(bot_bringup) by extension 'colcon_meta'
[0.237s] Level 1:colcon.colcon_core.package_identification:_identify(bot_bringup) by extensions ['ros']
[0.237s] Level 1:colcon.colcon_core.package_identification:_identify(bot_bringup) by extension 'ros'
[0.239s] DEBUG:colcon.colcon_core.package_identification:Package 'bot_bringup' with type 'ros.ament_cmake' and name 'bot_bringup'
[0.239s] Level 1:colcon.colcon_core.package_identification:_identify(bot_description) by extensions ['ignore', 'ignore_ament_install']
[0.239s] Level 1:colcon.colcon_core.package_identification:_identify(bot_description) by extension 'ignore'
[0.239s] Level 1:colcon.colcon_core.package_identification:_identify(bot_description) by extension 'ignore_ament_install'
[0.239s] Level 1:colcon.colcon_core.package_identification:_identify(bot_description) by extensions ['colcon_pkg']
[0.239s] Level 1:colcon.colcon_core.package_identification:_identify(bot_description) by extension 'colcon_pkg'
[0.239s] Level 1:colcon.colcon_core.package_identification:_identify(bot_description) by extensions ['colcon_meta']
[0.239s] Level 1:colcon.colcon_core.package_identification:_identify(bot_description) by extension 'colcon_meta'
[0.240s] Level 1:colcon.colcon_core.package_identification:_identify(bot_description) by extensions ['ros']
[0.240s] Level 1:colcon.colcon_core.package_identification:_identify(bot_description) by extension 'ros'
[0.240s] DEBUG:colcon.colcon_core.package_identification:Package 'bot_description' with type 'ros.ament_python' and name 'bot_description'
[0.240s] Level 1:colcon.colcon_core.package_identification:_identify(build) by extensions ['ignore', 'ignore_ament_install']
[0.240s] Level 1:colcon.colcon_core.package_identification:_identify(build) by extension 'ignore'
[0.240s] Level 1:colcon.colcon_core.package_identification:_identify(build) ignored
[0.240s] Level 1:colcon.colcon_core.package_identification:_identify(install) by extensions ['ignore', 'ignore_ament_install']
[0.240s] Level 1:colcon.colcon_core.package_identification:_identify(install) by extension 'ignore'
[0.240s] Level 1:colcon.colcon_core.package_identification:_identify(install) ignored
[0.241s] Level 1:colcon.colcon_core.package_identification:_identify(log) by extensions ['ignore', 'ignore_ament_install']
[0.241s] Level 1:colcon.colcon_core.package_identification:_identify(log) by extension 'ignore'
[0.241s] Level 1:colcon.colcon_core.package_identification:_identify(log) ignored
[0.241s] Level 1:colcon.colcon_core.package_identification:_identify(my_robot_controller) by extensions ['ignore', 'ignore_ament_install']
[0.241s] Level 1:colcon.colcon_core.package_identification:_identify(my_robot_controller) by extension 'ignore'
[0.241s] Level 1:colcon.colcon_core.package_identification:_identify(my_robot_controller) by extension 'ignore_ament_install'
[0.241s] Level 1:colcon.colcon_core.package_identification:_identify(my_robot_controller) by extensions ['colcon_pkg']
[0.241s] Level 1:colcon.colcon_core.package_identification:_identify(my_robot_controller) by extension 'colcon_pkg'
[0.241s] Level 1:colcon.colcon_core.package_identification:_identify(my_robot_controller) by extensions ['colcon_meta']
[0.241s] Level 1:colcon.colcon_core.package_identification:_identify(my_robot_controller) by extension 'colcon_meta'
[0.241s] Level 1:colcon.colcon_core.package_identification:_identify(my_robot_controller) by extensions ['ros']
[0.241s] Level 1:colcon.colcon_core.package_identification:_identify(my_robot_controller) by extension 'ros'
[0.241s] DEBUG:colcon.colcon_core.package_identification:Package 'my_robot_controller' with type 'ros.ament_python' and name 'my_robot_controller'
[0.241s] Level 1:colcon.colcon_core.package_discovery:discover_packages(recursive) using defaults
[0.241s] Level 1:colcon.colcon_core.package_discovery:discover_packages(ignore) discover
[0.241s] Level 1:colcon.colcon_core.package_discovery:discover_packages(ignore) using defaults
[0.241s] Level 1:colcon.colcon_core.package_discovery:discover_packages(path) discover
[0.241s] Level 1:colcon.colcon_core.package_discovery:discover_packages(path) using defaults
[0.272s] Level 1:colcon.colcon_core.package_discovery:discover_packages(prefix_path) check parameters
[0.272s] Level 1:colcon.colcon_core.package_discovery:discover_packages(prefix_path) discover
[0.274s] DEBUG:colcon.colcon_installed_package_information.package_discovery:Found 3 installed packages in /home/edwin/ros2_ws/install
[0.275s] DEBUG:colcon.colcon_installed_package_information.package_discovery:Found 31 installed packages in /home/edwin/shine-ros2/AlphaDroid_Shine/install
[0.277s] DEBUG:colcon.colcon_installed_package_information.package_discovery:Found 395 installed packages in /opt/ros/humble
[0.278s] Level 1:colcon.colcon_core.package_discovery:discover_packages(prefix_path) using defaults
[0.314s] Level 5:colcon.colcon_core.verb:set package 'bot_bringup' build argument 'cmake_args' from command line to 'None'
[0.314s] Level 5:colcon.colcon_core.verb:set package 'bot_bringup' build argument 'cmake_target' from command line to 'None'
[0.314s] Level 5:colcon.colcon_core.verb:set package 'bot_bringup' build argument 'cmake_target_skip_unavailable' from command line to 'False'
[0.314s] Level 5:colcon.colcon_core.verb:set package 'bot_bringup' build argument 'cmake_clean_cache' from command line to 'False'
[0.314s] Level 5:colcon.colcon_core.verb:set package 'bot_bringup' build argument 'cmake_clean_first' from command line to 'False'
[0.314s] Level 5:colcon.colcon_core.verb:set package 'bot_bringup' build argument 'cmake_force_configure' from command line to 'False'
[0.314s] Level 5:colcon.colcon_core.verb:set package 'bot_bringup' build argument 'ament_cmake_args' from command line to 'None'
[0.314s] Level 5:colcon.colcon_core.verb:set package 'bot_bringup' build argument 'catkin_cmake_args' from command line to 'None'
[0.314s] Level 5:colcon.colcon_core.verb:set package 'bot_bringup' build argument 'catkin_skip_building_tests' from command line to 'False'
[0.314s] DEBUG:colcon.colcon_core.verb:Building package 'bot_bringup' with the following arguments: {'ament_cmake_args': None, 'build_base': '/home/edwin/ros2_ws/src/build/bot_bringup', 'catkin_cmake_args': None, 'catkin_skip_building_tests': False, 'cmake_args': None, 'cmake_clean_cache': False, 'cmake_clean_first': False, 'cmake_force_configure': False, 'cmake_target': None, 'cmake_target_skip_unavailable': False, 'install_base': '/home/edwin/ros2_ws/src/install/bot_bringup', 'merge_install': False, 'path': '/home/edwin/ros2_ws/src/bot_bringup', 'symlink_install': True, 'test_result_base': None}
[0.315s] Level 5:colcon.colcon_core.verb:set package 'bot_description' build argument 'cmake_args' from command line to 'None'
[0.315s] Level 5:colcon.colcon_core.verb:set package 'bot_description' build argument 'cmake_target' from command line to 'None'
[0.315s] Level 5:colcon.colcon_core.verb:set package 'bot_description' build argument 'cmake_target_skip_unavailable' from command line to 'False'
[0.315s] Level 5:colcon.colcon_core.verb:set package 'bot_description' build argument 'cmake_clean_cache' from command line to 'False'
[0.315s] Level 5:colcon.colcon_core.verb:set package 'bot_description' build argument 'cmake_clean_first' from command line to 'False'
[0.315s] Level 5:colcon.colcon_core.verb:set package 'bot_description' build argument 'cmake_force_configure' from command line to 'False'
[0.315s] Level 5:colcon.colcon_core.verb:set package 'bot_description' build argument 'ament_cmake_args' from command line to 'None'
[0.315s] Level 5:colcon.colcon_core.verb:set package 'bot_description' build argument 'catkin_cmake_args' from command line to 'None'
[0.315s] Level 5:colcon.colcon_core.verb:set package 'bot_description' build argument 'catkin_skip_building_tests' from command line to 'False'
[0.315s] DEBUG:colcon.colcon_core.verb:Building package 'bot_description' with the following arguments: {'ament_cmake_args': None, 'build_base': '/home/edwin/ros2_ws/src/build/bot_description', 'catkin_cmake_args': None, 'catkin_skip_building_tests': False, 'cmake_args': None, 'cmake_clean_cache': False, 'cmake_clean_first': False, 'cmake_force_configure': False, 'cmake_target': None, 'cmake_target_skip_unavailable': False, 'install_base': '/home/edwin/ros2_ws/src/install/bot_description', 'merge_install': False, 'path': '/home/edwin/ros2_ws/src/bot_description', 'symlink_install': True, 'test_result_base': None}
[0.315s] Level 5:colcon.colcon_core.verb:set package 'my_robot_controller' build argument 'cmake_args' from command line to 'None'
[0.315s] Level 5:colcon.colcon_core.verb:set package 'my_robot_controller' build argument 'cmake_target' from command line to 'None'
[0.315s] Level 5:colcon.colcon_core.verb:set package 'my_robot_controller' build argument 'cmake_target_skip_unavailable' from command line to 'False'
[0.315s] Level 5:colcon.colcon_core.verb:set package 'my_robot_controller' build argument 'cmake_clean_cache' from command line to 'False'
[0.315s] Level 5:colcon.colcon_core.verb:set package 'my_robot_controller' build argument 'cmake_clean_first' from command line to 'False'
[0.315s] Level 5:colcon.colcon_core.verb:set package 'my_robot_controller' build argument 'cmake_force_configure' from command line to 'False'
[0.315s] Level 5:colcon.colcon_core.verb:set package 'my_robot_controller' build argument 'ament_cmake_args' from command line to 'None'
[0.315s] Level 5:colcon.colcon_core.verb:set package 'my_robot_controller' build argument 'catkin_cmake_args' from command line to 'None'
[0.315s] Level 5:colcon.colcon_core.verb:set package 'my_robot_controller' build argument 'catkin_skip_building_tests' from command line to 'False'
[0.315s] DEBUG:colcon.colcon_core.verb:Building package 'my_robot_controller' with the following arguments: {'ament_cmake_args': None, 'build_base': '/home/edwin/ros2_ws/src/build/my_robot_controller', 'catkin_cmake_args': None, 'catkin_skip_building_tests': False, 'cmake_args': None, 'cmake_clean_cache': False, 'cmake_clean_first': False, 'cmake_force_configure': False, 'cmake_target': None, 'cmake_target_skip_unavailable': False, 'install_base': '/home/edwin/ros2_ws/src/install/my_robot_controller', 'merge_install': False, 'path': '/home/edwin/ros2_ws/src/my_robot_controller', 'symlink_install': True, 'test_result_base': None}
[0.315s] INFO:colcon.colcon_core.executor:Executing jobs using 'parallel' executor
[0.316s] DEBUG:colcon.colcon_parallel_executor.executor.parallel:run_until_complete
[0.316s] INFO:colcon.colcon_ros.task.ament_cmake.build:Building ROS package in '/home/edwin/ros2_ws/src/bot_bringup' with build type 'ament_cmake'
[0.316s] INFO:colcon.colcon_cmake.task.cmake.build:Building CMake package in '/home/edwin/ros2_ws/src/bot_bringup'
[0.319s] INFO:colcon.colcon_core.plugin_system:Skipping extension 'colcon_core.shell.bat': Not used on non-Windows systems
[0.319s] INFO:colcon.colcon_core.shell:Skip shell extension 'powershell' for command environment: Not usable outside of PowerShell
[0.319s] DEBUG:colcon.colcon_core.shell:Skip shell extension 'dsv' for command environment
[0.324s] INFO:colcon.colcon_ros.task.ament_python.build:Building ROS package in '/home/edwin/ros2_ws/src/bot_description' with build type 'ament_python'
[0.324s] Level 1:colcon.colcon_core.shell:create_environment_hook('bot_description', 'ament_prefix_path')
[0.324s] INFO:colcon.colcon_core.shell:Creating environment hook '/home/edwin/ros2_ws/src/install/bot_description/share/bot_description/hook/ament_prefix_path.ps1'
[0.325s] INFO:colcon.colcon_core.shell:Creating environment descriptor '/home/edwin/ros2_ws/src/install/bot_description/share/bot_description/hook/ament_prefix_path.dsv'
[0.325s] INFO:colcon.colcon_core.shell:Creating environment hook '/home/edwin/ros2_ws/src/install/bot_description/share/bot_description/hook/ament_prefix_path.sh'
[0.326s] INFO:colcon.colcon_core.shell:Skip shell extension 'powershell' for command environment: Not usable outside of PowerShell
[0.326s] DEBUG:colcon.colcon_core.shell:Skip shell extension 'dsv' for command environment
[0.331s] INFO:colcon.colcon_ros.task.ament_python.build:Building ROS package in '/home/edwin/ros2_ws/src/my_robot_controller' with build type 'ament_python'
[0.331s] Level 1:colcon.colcon_core.shell:create_environment_hook('my_robot_controller', 'ament_prefix_path')
[0.331s] INFO:colcon.colcon_core.shell:Creating environment hook '/home/edwin/ros2_ws/src/install/my_robot_controller/share/my_robot_controller/hook/ament_prefix_path.ps1'
[0.331s] INFO:colcon.colcon_core.shell:Creating environment descriptor '/home/edwin/ros2_ws/src/install/my_robot_controller/share/my_robot_controller/hook/ament_prefix_path.dsv'
[0.332s] INFO:colcon.colcon_core.shell:Creating environment hook '/home/edwin/ros2_ws/src/install/my_robot_controller/share/my_robot_controller/hook/ament_prefix_path.sh'
[0.332s] INFO:colcon.colcon_core.shell:Skip shell extension 'powershell' for command environment: Not usable outside of PowerShell
[0.332s] DEBUG:colcon.colcon_core.shell:Skip shell extension 'dsv' for command environment
[0.341s] DEBUG:colcon.colcon_core.event_handler.log_command:Invoking command in '/home/edwin/ros2_ws/src/build/bot_bringup': CMAKE_PREFIX_PATH=${CMAKE_PREFIX_PATH}:/home/edwin/ros2_ws/install/my_robot_controller:/home/edwin/ros2_ws/install/bot_description:/home/edwin/shine-ros2/AlphaDroid_Shine/install/visualservoing:/home/edwin/shine-ros2/AlphaDroid_Shine/install/hand_eye_calibration:/home/edwin/shine-ros2/AlphaDroid_Shine/install/example:/home/edwin/shine-ros2/AlphaDroid_Shine/install/dsr_tests:/home/edwin/shine-ros2/AlphaDroid_Shine/install/dsr_bringup2:/home/edwin/shine-ros2/AlphaDroid_Shine/install/doosan_ui_backend /usr/bin/cmake /home/edwin/ros2_ws/src/bot_bringup -DAMENT_CMAKE_SYMLINK_INSTALL=1 -DCMAKE_INSTALL_PREFIX=/home/edwin/ros2_ws/src/install/bot_bringup
[0.600s] INFO:colcon.colcon_core.task.python.build:Building Python package in '/home/edwin/ros2_ws/src/bot_description'
[0.601s] INFO:colcon.colcon_core.shell:Skip shell extension 'powershell' for command environment: Not usable outside of PowerShell
[0.601s] DEBUG:colcon.colcon_core.shell:Skip shell extension 'dsv' for command environment
[0.880s] INFO:colcon.colcon_core.task.python.build:Building Python package in '/home/edwin/ros2_ws/src/my_robot_controller'
[0.880s] INFO:colcon.colcon_core.shell:Skip shell extension 'powershell' for command environment: Not usable outside of PowerShell
[0.881s] DEBUG:colcon.colcon_core.shell:Skip shell extension 'dsv' for command environment
[1.270s] DEBUG:colcon.colcon_core.event_handler.log_command:Invoking command in '/home/edwin/ros2_ws/src/build/my_robot_controller': PYTHONPATH=/home/edwin/ros2_ws/src/build/my_robot_controller/prefix_override:/usr/lib/python3/dist-packages/colcon_core/task/python/colcon_distutils_commands:/home/edwin/ros2_ws/src/install/my_robot_controller/lib/python3.10/site-packages:${PYTHONPATH} /usr/bin/python3 -W ignore:setup.py install is deprecated -W ignore:easy_install command is deprecated setup.py develop --editable --build-directory /home/edwin/ros2_ws/src/build/my_robot_controller/build --no-deps symlink_data
[1.273s] DEBUG:colcon.colcon_core.event_handler.log_command:Invoking command in '/home/edwin/ros2_ws/src/build/bot_description': PYTHONPATH=/home/edwin/ros2_ws/src/build/bot_description/prefix_override:/usr/lib/python3/dist-packages/colcon_core/task/python/colcon_distutils_commands:/home/edwin/ros2_ws/src/install/bot_description/lib/python3.10/site-packages:${PYTHONPATH} /usr/bin/python3 -W ignore:setup.py install is deprecated -W ignore:easy_install command is deprecated setup.py develop --editable --build-directory /home/edwin/ros2_ws/src/build/bot_description/build --no-deps symlink_data
[1.730s] Level 1:colcon.colcon_core.shell:create_environment_hook('my_robot_controller', 'pythonpath_develop')
[1.731s] INFO:colcon.colcon_core.shell:Creating environment hook '/home/edwin/ros2_ws/src/build/my_robot_controller/share/my_robot_controller/hook/pythonpath_develop.ps1'
[1.731s] DEBUG:colcon.colcon_core.event_handler.log_command:Invoked command in '/home/edwin/ros2_ws/src/build/my_robot_controller' returned '0': PYTHONPATH=/home/edwin/ros2_ws/src/build/my_robot_controller/prefix_override:/usr/lib/python3/dist-packages/colcon_core/task/python/colcon_distutils_commands:/home/edwin/ros2_ws/src/install/my_robot_controller/lib/python3.10/site-packages:${PYTHONPATH} /usr/bin/python3 -W ignore:setup.py install is deprecated -W ignore:easy_install command is deprecated setup.py develop --editable --build-directory /home/edwin/ros2_ws/src/build/my_robot_controller/build --no-deps symlink_data
[1.731s] INFO:colcon.colcon_core.shell:Creating environment descriptor '/home/edwin/ros2_ws/src/build/my_robot_controller/share/my_robot_controller/hook/pythonpath_develop.dsv'
[1.732s] INFO:colcon.colcon_core.shell:Creating environment hook '/home/edwin/ros2_ws/src/build/my_robot_controller/share/my_robot_controller/hook/pythonpath_develop.sh'
[1.734s] Level 1:colcon.colcon_core.environment:checking '/home/edwin/ros2_ws/src/install/my_robot_controller' for CMake module files
[1.734s] Level 1:colcon.colcon_core.environment:checking '/home/edwin/ros2_ws/src/install/my_robot_controller' for CMake config files
[1.735s] Level 1:colcon.colcon_core.environment:checking '/home/edwin/ros2_ws/src/install/my_robot_controller/lib'
[1.735s] Level 1:colcon.colcon_core.environment:checking '/home/edwin/ros2_ws/src/install/my_robot_controller/bin'
[1.735s] Level 1:colcon.colcon_core.environment:checking '/home/edwin/ros2_ws/src/install/my_robot_controller/lib/pkgconfig/my_robot_controller.pc'
[1.735s] Level 1:colcon.colcon_core.environment:checking '/home/edwin/ros2_ws/src/install/my_robot_controller/lib/python3.10/site-packages'
[1.735s] Level 1:colcon.colcon_core.shell:create_environment_hook('my_robot_controller', 'pythonpath')
[1.735s] INFO:colcon.colcon_core.shell:Creating environment hook '/home/edwin/ros2_ws/src/install/my_robot_controller/share/my_robot_controller/hook/pythonpath.ps1'
[1.735s] INFO:colcon.colcon_core.shell:Creating environment descriptor '/home/edwin/ros2_ws/src/install/my_robot_controller/share/my_robot_controller/hook/pythonpath.dsv'
[1.736s] INFO:colcon.colcon_core.shell:Creating environment hook '/home/edwin/ros2_ws/src/install/my_robot_controller/share/my_robot_controller/hook/pythonpath.sh'
[1.736s] Level 1:colcon.colcon_core.environment:checking '/home/edwin/ros2_ws/src/install/my_robot_controller/bin'
[1.736s] Level 1:colcon.colcon_core.environment:create_environment_scripts_only(my_robot_controller)
[1.736s] INFO:colcon.colcon_core.shell:Creating package script '/home/edwin/ros2_ws/src/install/my_robot_controller/share/my_robot_controller/package.ps1'
[1.737s] INFO:colcon.colcon_core.shell:Creating package descriptor '/home/edwin/ros2_ws/src/install/my_robot_controller/share/my_robot_controller/package.dsv'
[1.737s] INFO:colcon.colcon_core.shell:Creating package script '/home/edwin/ros2_ws/src/install/my_robot_controller/share/my_robot_controller/package.sh'
[1.738s] INFO:colcon.colcon_core.shell:Creating package script '/home/edwin/ros2_ws/src/install/my_robot_controller/share/my_robot_controller/package.bash'
[1.738s] INFO:colcon.colcon_core.shell:Creating package script '/home/edwin/ros2_ws/src/install/my_robot_controller/share/my_robot_controller/package.zsh'
[1.738s] Level 1:colcon.colcon_core.environment:create_file_with_runtime_dependencies(/home/edwin/ros2_ws/src/install/my_robot_controller/share/colcon-core/packages/my_robot_controller)
[1.740s] Level 1:colcon.colcon_core.shell:create_environment_hook('bot_description', 'pythonpath_develop')
[1.740s] INFO:colcon.colcon_core.shell:Creating environment hook '/home/edwin/ros2_ws/src/build/bot_description/share/bot_description/hook/pythonpath_develop.ps1'
[1.740s] DEBUG:colcon.colcon_core.event_handler.log_command:Invoked command in '/home/edwin/ros2_ws/src/build/bot_description' returned '0': PYTHONPATH=/home/edwin/ros2_ws/src/build/bot_description/prefix_override:/usr/lib/python3/dist-packages/colcon_core/task/python/colcon_distutils_commands:/home/edwin/ros2_ws/src/install/bot_description/lib/python3.10/site-packages:${PYTHONPATH} /usr/bin/python3 -W ignore:setup.py install is deprecated -W ignore:easy_install command is deprecated setup.py develop --editable --build-directory /home/edwin/ros2_ws/src/build/bot_description/build --no-deps symlink_data
[1.740s] INFO:colcon.colcon_core.shell:Creating environment descriptor '/home/edwin/ros2_ws/src/build/bot_description/share/bot_description/hook/pythonpath_develop.dsv'
[1.741s] INFO:colcon.colcon_core.shell:Creating environment hook '/home/edwin/ros2_ws/src/build/bot_description/share/bot_description/hook/pythonpath_develop.sh'
[1.741s] Level 1:colcon.colcon_core.environment:checking '/home/edwin/ros2_ws/src/install/bot_description' for CMake module files
[1.741s] Level 1:colcon.colcon_core.environment:checking '/home/edwin/ros2_ws/src/install/bot_description' for CMake config files
[1.742s] Level 1:colcon.colcon_core.environment:checking '/home/edwin/ros2_ws/src/install/bot_description/lib'
[1.742s] Level 1:colcon.colcon_core.environment:checking '/home/edwin/ros2_ws/src/install/bot_description/bin'
[1.742s] Level 1:colcon.colcon_core.environment:checking '/home/edwin/ros2_ws/src/install/bot_description/lib/pkgconfig/bot_description.pc'
[1.742s] Level 1:colcon.colcon_core.environment:checking '/home/edwin/ros2_ws/src/install/bot_description/lib/python3.10/site-packages'
[1.742s] Level 1:colcon.colcon_core.shell:create_environment_hook('bot_description', 'pythonpath')
[1.742s] INFO:colcon.colcon_core.shell:Creating environment hook '/home/edwin/ros2_ws/src/install/bot_description/share/bot_description/hook/pythonpath.ps1'
[1.742s] INFO:colcon.colcon_core.shell:Creating environment descriptor '/home/edwin/ros2_ws/src/install/bot_description/share/bot_description/hook/pythonpath.dsv'
[1.743s] INFO:colcon.colcon_core.shell:Creating environment hook '/home/edwin/ros2_ws/src/install/bot_description/share/bot_description/hook/pythonpath.sh'
[1.743s] Level 1:colcon.colcon_core.environment:checking '/home/edwin/ros2_ws/src/install/bot_description/bin'
[1.743s] Level 1:colcon.colcon_core.environment:create_environment_scripts_only(bot_description)
[1.743s] INFO:colcon.colcon_core.shell:Creating package script '/home/edwin/ros2_ws/src/install/bot_description/share/bot_description/package.ps1'
[1.744s] INFO:colcon.colcon_core.shell:Creating package descriptor '/home/edwin/ros2_ws/src/install/bot_description/share/bot_description/package.dsv'
[1.744s] INFO:colcon.colcon_core.shell:Creating package script '/home/edwin/ros2_ws/src/install/bot_description/share/bot_description/package.sh'
[1.744s] INFO:colcon.colcon_core.shell:Creating package script '/home/edwin/ros2_ws/src/install/bot_description/share/bot_description/package.bash'
[1.744s] INFO:colcon.colcon_core.shell:Creating package script '/home/edwin/ros2_ws/src/install/bot_description/share/bot_description/package.zsh'
[1.744s] Level 1:colcon.colcon_core.environment:create_file_with_runtime_dependencies(/home/edwin/ros2_ws/src/install/bot_description/share/colcon-core/packages/bot_description)
[1.869s] DEBUG:colcon.colcon_core.event_handler.log_command:Invoked command in '/home/edwin/ros2_ws/src/build/bot_bringup' returned '0': CMAKE_PREFIX_PATH=${CMAKE_PREFIX_PATH}:/home/edwin/ros2_ws/install/my_robot_controller:/home/edwin/ros2_ws/install/bot_description:/home/edwin/shine-ros2/AlphaDroid_Shine/install/visualservoing:/home/edwin/shine-ros2/AlphaDroid_Shine/install/hand_eye_calibration:/home/edwin/shine-ros2/AlphaDroid_Shine/install/example:/home/edwin/shine-ros2/AlphaDroid_Shine/install/dsr_tests:/home/edwin/shine-ros2/AlphaDroid_Shine/install/dsr_bringup2:/home/edwin/shine-ros2/AlphaDroid_Shine/install/doosan_ui_backend /usr/bin/cmake /home/edwin/ros2_ws/src/bot_bringup -DAMENT_CMAKE_SYMLINK_INSTALL=1 -DCMAKE_INSTALL_PREFIX=/home/edwin/ros2_ws/src/install/bot_bringup
[1.871s] DEBUG:colcon.colcon_core.event_handler.log_command:Invoking command in '/home/edwin/ros2_ws/src/build/bot_bringup': CMAKE_PREFIX_PATH=${CMAKE_PREFIX_PATH}:/home/edwin/ros2_ws/install/my_robot_controller:/home/edwin/ros2_ws/install/bot_description:/home/edwin/shine-ros2/AlphaDroid_Shine/install/visualservoing:/home/edwin/shine-ros2/AlphaDroid_Shine/install/hand_eye_calibration:/home/edwin/shine-ros2/AlphaDroid_Shine/install/example:/home/edwin/shine-ros2/AlphaDroid_Shine/install/dsr_tests:/home/edwin/shine-ros2/AlphaDroid_Shine/install/dsr_bringup2:/home/edwin/shine-ros2/AlphaDroid_Shine/install/doosan_ui_backend /usr/bin/cmake --build /home/edwin/ros2_ws/src/build/bot_bringup -- -j16 -l16
[1.915s] DEBUG:colcon.colcon_core.event_handler.log_command:Invoked command in '/home/edwin/ros2_ws/src/build/bot_bringup' returned '0': CMAKE_PREFIX_PATH=${CMAKE_PREFIX_PATH}:/home/edwin/ros2_ws/install/my_robot_controller:/home/edwin/ros2_ws/install/bot_description:/home/edwin/shine-ros2/AlphaDroid_Shine/install/visualservoing:/home/edwin/shine-ros2/AlphaDroid_Shine/install/hand_eye_calibration:/home/edwin/shine-ros2/AlphaDroid_Shine/install/example:/home/edwin/shine-ros2/AlphaDroid_Shine/install/dsr_tests:/home/edwin/shine-ros2/AlphaDroid_Shine/install/dsr_bringup2:/home/edwin/shine-ros2/AlphaDroid_Shine/install/doosan_ui_backend /usr/bin/cmake --build /home/edwin/ros2_ws/src/build/bot_bringup -- -j16 -l16
[1.925s] DEBUG:colcon.colcon_core.event_handler.log_command:Invoking command in '/home/edwin/ros2_ws/src/build/bot_bringup': CMAKE_PREFIX_PATH=${CMAKE_PREFIX_PATH}:/home/edwin/ros2_ws/install/my_robot_controller:/home/edwin/ros2_ws/install/bot_description:/home/edwin/shine-ros2/AlphaDroid_Shine/install/visualservoing:/home/edwin/shine-ros2/AlphaDroid_Shine/install/hand_eye_calibration:/home/edwin/shine-ros2/AlphaDroid_Shine/install/example:/home/edwin/shine-ros2/AlphaDroid_Shine/install/dsr_tests:/home/edwin/shine-ros2/AlphaDroid_Shine/install/dsr_bringup2:/home/edwin/shine-ros2/AlphaDroid_Shine/install/doosan_ui_backend /usr/bin/cmake --install /home/edwin/ros2_ws/src/build/bot_bringup
[2.098s] Level 1:colcon.colcon_core.environment:create_environment_scripts_only(bot_bringup)
[2.099s] Level 1:colcon.colcon_core.environment:checking '/home/edwin/ros2_ws/src/install/bot_bringup' for CMake module files
[2.099s] DEBUG:colcon.colcon_core.event_handler.log_command:Invoked command in '/home/edwin/ros2_ws/src/build/bot_bringup' returned '0': CMAKE_PREFIX_PATH=${CMAKE_PREFIX_PATH}:/home/edwin/ros2_ws/install/my_robot_controller:/home/edwin/ros2_ws/install/bot_description:/home/edwin/shine-ros2/AlphaDroid_Shine/install/visualservoing:/home/edwin/shine-ros2/AlphaDroid_Shine/install/hand_eye_calibration:/home/edwin/shine-ros2/AlphaDroid_Shine/install/example:/home/edwin/shine-ros2/AlphaDroid_Shine/install/dsr_tests:/home/edwin/shine-ros2/AlphaDroid_Shine/install/dsr_bringup2:/home/edwin/shine-ros2/AlphaDroid_Shine/install/doosan_ui_backend /usr/bin/cmake --install /home/edwin/ros2_ws/src/build/bot_bringup
[2.099s] Level 1:colcon.colcon_core.environment:checking '/home/edwin/ros2_ws/src/install/bot_bringup' for CMake config files
[2.099s] Level 1:colcon.colcon_core.shell:create_environment_hook('bot_bringup', 'cmake_prefix_path')
[2.100s] INFO:colcon.colcon_core.shell:Creating environment hook '/home/edwin/ros2_ws/src/install/bot_bringup/share/bot_bringup/hook/cmake_prefix_path.ps1'
[2.100s] INFO:colcon.colcon_core.shell:Creating environment descriptor '/home/edwin/ros2_ws/src/install/bot_bringup/share/bot_bringup/hook/cmake_prefix_path.dsv'
[2.100s] INFO:colcon.colcon_core.shell:Creating environment hook '/home/edwin/ros2_ws/src/install/bot_bringup/share/bot_bringup/hook/cmake_prefix_path.sh'
[2.101s] Level 1:colcon.colcon_core.environment:checking '/home/edwin/ros2_ws/src/install/bot_bringup/bin'
[2.101s] Level 1:colcon.colcon_core.environment:checking '/home/edwin/ros2_ws/src/install/bot_bringup/lib/pkgconfig/bot_bringup.pc'
[2.101s] Level 1:colcon.colcon_core.environment:checking '/home/edwin/ros2_ws/src/install/bot_bringup/lib/python3.10/site-packages'
[2.101s] Level 1:colcon.colcon_core.environment:checking '/home/edwin/ros2_ws/src/install/bot_bringup/bin'
[2.101s] INFO:colcon.colcon_core.shell:Creating package script '/home/edwin/ros2_ws/src/install/bot_bringup/share/bot_bringup/package.ps1'
[2.101s] INFO:colcon.colcon_core.shell:Creating package descriptor '/home/edwin/ros2_ws/src/install/bot_bringup/share/bot_bringup/package.dsv'
[2.102s] INFO:colcon.colcon_core.shell:Creating package script '/home/edwin/ros2_ws/src/install/bot_bringup/share/bot_bringup/package.sh'
[2.102s] INFO:colcon.colcon_core.shell:Creating package script '/home/edwin/ros2_ws/src/install/bot_bringup/share/bot_bringup/package.bash'
[2.102s] INFO:colcon.colcon_core.shell:Creating package script '/home/edwin/ros2_ws/src/install/bot_bringup/share/bot_bringup/package.zsh'
[2.102s] Level 1:colcon.colcon_core.environment:create_file_with_runtime_dependencies(/home/edwin/ros2_ws/src/install/bot_bringup/share/colcon-core/packages/bot_bringup)
[2.103s] Level 1:colcon.colcon_core.environment:create_environment_scripts_only(bot_bringup)
[2.103s] Level 1:colcon.colcon_core.environment:checking '/home/edwin/ros2_ws/src/install/bot_bringup' for CMake module files
[2.103s] Level 1:colcon.colcon_core.environment:checking '/home/edwin/ros2_ws/src/install/bot_bringup' for CMake config files
[2.103s] Level 1:colcon.colcon_core.shell:create_environment_hook('bot_bringup', 'cmake_prefix_path')
[2.103s] INFO:colcon.colcon_core.shell:Creating environment hook '/home/edwin/ros2_ws/src/install/bot_bringup/share/bot_bringup/hook/cmake_prefix_path.ps1'
[2.104s] INFO:colcon.colcon_core.shell:Creating environment descriptor '/home/edwin/ros2_ws/src/install/bot_bringup/share/bot_bringup/hook/cmake_prefix_path.dsv'
[2.104s] INFO:colcon.colcon_core.shell:Creating environment hook '/home/edwin/ros2_ws/src/install/bot_bringup/share/bot_bringup/hook/cmake_prefix_path.sh'
[2.104s] Level 1:colcon.colcon_core.environment:checking '/home/edwin/ros2_ws/src/install/bot_bringup/bin'
[2.104s] Level 1:colcon.colcon_core.environment:checking '/home/edwin/ros2_ws/src/install/bot_bringup/lib/pkgconfig/bot_bringup.pc'
[2.104s] Level 1:colcon.colcon_core.environment:checking '/home/edwin/ros2_ws/src/install/bot_bringup/lib/python3.10/site-packages'
[2.104s] Level 1:colcon.colcon_core.environment:checking '/home/edwin/ros2_ws/src/install/bot_bringup/bin'
[2.105s] INFO:colcon.colcon_core.shell:Creating package script '/home/edwin/ros2_ws/src/install/bot_bringup/share/bot_bringup/package.ps1'
[2.105s] INFO:colcon.colcon_core.shell:Creating package descriptor '/home/edwin/ros2_ws/src/install/bot_bringup/share/bot_bringup/package.dsv'
[2.105s] INFO:colcon.colcon_core.shell:Creating package script '/home/edwin/ros2_ws/src/install/bot_bringup/share/bot_bringup/package.sh'
[2.106s] INFO:colcon.colcon_core.shell:Creating package script '/home/edwin/ros2_ws/src/install/bot_bringup/share/bot_bringup/package.bash'
[2.106s] INFO:colcon.colcon_core.shell:Creating package script '/home/edwin/ros2_ws/src/install/bot_bringup/share/bot_bringup/package.zsh'
[2.106s] Level 1:colcon.colcon_core.environment:create_file_with_runtime_dependencies(/home/edwin/ros2_ws/src/install/bot_bringup/share/colcon-core/packages/bot_bringup)
[2.106s] DEBUG:colcon.colcon_parallel_executor.executor.parallel:closing loop
[2.106s] DEBUG:colcon.colcon_parallel_executor.executor.parallel:loop closed
[2.107s] DEBUG:colcon.colcon_parallel_executor.executor.parallel:run_until_complete finished with '0'
[2.107s] DEBUG:colcon.colcon_core.event_reactor:joining thread
[2.112s] INFO:colcon.colcon_core.plugin_system:Skipping extension 'colcon_notification.desktop_notification.terminal_notifier': Not used on non-Darwin systems
[2.112s] INFO:colcon.colcon_core.plugin_system:Skipping extension 'colcon_notification.desktop_notification.win32': Not used on non-Windows systems
[2.112s] INFO:colcon.colcon_notification.desktop_notification:Sending desktop notification using 'notify2'
[2.126s] DEBUG:colcon.colcon_core.event_reactor:joined thread
[2.126s] INFO:colcon.colcon_core.shell:Creating prefix script '/home/edwin/ros2_ws/src/install/local_setup.ps1'
[2.127s] INFO:colcon.colcon_core.shell:Creating prefix util module '/home/edwin/ros2_ws/src/install/_local_setup_util_ps1.py'
[2.128s] INFO:colcon.colcon_core.shell:Creating prefix chain script '/home/edwin/ros2_ws/src/install/setup.ps1'
[2.129s] INFO:colcon.colcon_core.shell:Creating prefix script '/home/edwin/ros2_ws/src/install/local_setup.sh'
[2.130s] INFO:colcon.colcon_core.shell:Creating prefix util module '/home/edwin/ros2_ws/src/install/_local_setup_util_sh.py'
[2.130s] INFO:colcon.colcon_core.shell:Creating prefix chain script '/home/edwin/ros2_ws/src/install/setup.sh'
[2.132s] INFO:colcon.colcon_core.shell:Creating prefix script '/home/edwin/ros2_ws/src/install/local_setup.bash'
[2.132s] INFO:colcon.colcon_core.shell:Creating prefix chain script '/home/edwin/ros2_ws/src/install/setup.bash'
[2.134s] INFO:colcon.colcon_core.shell:Creating prefix script '/home/edwin/ros2_ws/src/install/local_setup.zsh'
[2.134s] INFO:colcon.colcon_core.shell:Creating prefix chain script '/home/edwin/ros2_ws/src/install/setup.zsh'
